{
  "stats": {
    "suites": 1,
    "tests": 1,
    "passes": 1,
    "pending": 0,
    "failures": 0,
    "start": "2022-12-01T14:26:08.748Z",
    "end": "2022-12-01T14:26:09.584Z",
    "duration": 836,
    "testsRegistered": 1,
    "passPercent": 100,
    "pendingPercent": 0,
    "other": 0,
    "hasOther": false,
    "skipped": 0,
    "hasSkipped": false
  },
  "results": [
    {
      "uuid": "c0dc4329-5216-4239-92c0-05a85d4eec54",
      "title": "",
      "fullFile": "D:\\Learn\\tests\\scenarios\\register.test.js",
      "file": "\\tests\\scenarios\\register.test.js",
      "beforeHooks": [],
      "afterHooks": [],
      "tests": [],
      "suites": [
        {
          "uuid": "73db2aa1-6bcd-4953-9456-cbd96032f5d0",
          "title": "Register",
          "fullFile": "D:\\Learn\\tests\\scenarios\\register.test.js",
          "file": "\\tests\\scenarios\\register.test.js",
          "beforeHooks": [],
          "afterHooks": [],
          "tests": [
            {
              "title": "Should unsucessful register when insert invalid data",
              "fullTitle": "Register Should unsucessful register when insert invalid data",
              "timedOut": false,
              "duration": 832,
              "state": "passed",
              "speed": "slow",
              "pass": true,
              "fail": false,
              "pending": false,
              "context": null,
              "code": "const response = await RegresApi.register(INVALID_REGISTER);\n\nassert.equal(response.status, 400);\nassert.containsAllKeys(response.data, [\"error\"]);\nassert.isString(response.data.error)\nassert.equal(response.data.error, ERROR_REGISTER_MESSAGE.error)",
              "err": {},
              "uuid": "f33e325a-e165-47db-ba66-74af9d82904f",
              "parentUUID": "73db2aa1-6bcd-4953-9456-cbd96032f5d0",
              "isHook": false,
              "skipped": false
            }
          ],
          "suites": [],
          "passes": [
            "f33e325a-e165-47db-ba66-74af9d82904f"
          ],
          "failures": [],
          "pending": [],
          "skipped": [],
          "duration": 832,
          "root": false,
          "rootEmpty": false,
          "_timeout": 2000
        }
      ],
      "passes": [],
      "failures": [],
      "pending": [],
      "skipped": [],
      "duration": 0,
      "root": true,
      "rootEmpty": true,
      "_timeout": 2000
    }
  ],
  "meta": {
    "mocha": {
      "version": "10.1.0"
    },
    "mochawesome": {
      "options": {
        "quiet": false,
        "reportFilename": "mochawesome",
        "saveHtml": true,
        "saveJson": true,
        "consoleReporter": "spec",
        "useInlineDiffs": false,
        "code": true
      },
      "version": "7.1.3"
    },
    "marge": {
      "options": null,
      "version": "6.2.0"
    }
  }
}